
         ,--.
       ,--.'|
   ,--,:  : |                                           Nacos 1.2.1
,`--.'`|  ' :                       ,---.               Running in stand alone mode, All function modules
|   :  :  | |                      '   ,'\   .--.--.    Port: 8848
:   |   \ | :  ,--.--.     ,---.  /   /   | /  /    '   Pid: 26
|   : '  '; | /       \   /     \.   ; ,. :|  :  /`./   Console: http://f8e02a9ec14a:8848/nacos/index.html
'   ' ;.    ;.--.  .-. | /    / ''   | |: :|  :  ;_
|   | | \   | \__\/: . ..    ' / '   | .; : \  \    `.      https://nacos.io
'   : |  ; .' ," .--.; |'   ; :__|   :    |  `----.   \
|   | '`--'  /  /  ,.  |'   | '.'|\   \  /  /  /`--'  /
'   : |     ;  :   .'   \   :    : `----'  '--'.     /
;   |.'     |  ,     .-./\   \  /            `--'---'
'---'        `--`---'     `----'

2020-05-19 09:17:46,714 INFO Bean 'org.springframework.security.config.annotation.configuration.ObjectPostProcessorConfiguration' of type [org.springframework.security.config.annotation.configuration.ObjectPostProcessorConfiguration$$EnhancerBySpringCGLIB$$6f5dbb72] is not eligible for getting processed by all BeanPostProcessors (for example: not eligible for auto-proxying)

2020-05-19 09:17:46,839 INFO Bean 'objectPostProcessor' of type [org.springframework.security.config.annotation.configuration.AutowireBeanFactoryObjectPostProcessor] is not eligible for getting processed by all BeanPostProcessors (for example: not eligible for auto-proxying)

2020-05-19 09:17:46,841 INFO Bean 'org.springframework.security.access.expression.method.DefaultMethodSecurityExpressionHandler@4d1bf319' of type [org.springframework.security.access.expression.method.DefaultMethodSecurityExpressionHandler] is not eligible for getting processed by all BeanPostProcessors (for example: not eligible for auto-proxying)

2020-05-19 09:17:46,841 INFO Bean 'org.springframework.security.config.annotation.method.configuration.GlobalMethodSecurityConfiguration' of type [org.springframework.security.config.annotation.method.configuration.GlobalMethodSecurityConfiguration$$EnhancerBySpringCGLIB$$94325e24] is not eligible for getting processed by all BeanPostProcessors (for example: not eligible for auto-proxying)

2020-05-19 09:17:46,853 INFO Bean 'methodSecurityMetadataSource' of type [org.springframework.security.access.method.DelegatingMethodSecurityMetadataSource] is not eligible for getting processed by all BeanPostProcessors (for example: not eligible for auto-proxying)

2020-05-19 09:17:47,531 INFO Tomcat initialized with port(s): 8848 (http)

2020-05-19 09:17:47,964 INFO Root WebApplicationContext: initialization completed in 4204 ms

2020-05-19 09:17:53,558 INFO Initializing ExecutorService 'applicationTaskExecutor'

2020-05-19 09:17:53,725 INFO Adding welcome page: class path resource [static/index.html]

2020-05-19 09:17:54,046 INFO Creating filter chain: Ant [pattern='/**'], []

2020-05-19 09:17:54,075 INFO Creating filter chain: any request, [org.springframework.security.web.context.request.async.WebAsyncManagerIntegrationFilter@25e2a451, org.springframework.security.web.context.SecurityContextPersistenceFilter@53d1b9b3, org.springframework.security.web.header.HeaderWriterFilter@65b3a85a, org.springframework.security.web.csrf.CsrfFilter@62f4ff3b, org.springframework.security.web.authentication.logout.LogoutFilter@788fcafb, org.springframework.security.web.savedrequest.RequestCacheAwareFilter@163d04ff, org.springframework.security.web.servletapi.SecurityContextHolderAwareRequestFilter@7e928e2f, org.springframework.security.web.authentication.AnonymousAuthenticationFilter@1698ee84, org.springframework.security.web.session.SessionManagementFilter@57eda880, org.springframework.security.web.access.ExceptionTranslationFilter@4504d271]

2020-05-19 09:17:54,160 INFO Exposing 16 endpoint(s) beneath base path '/actuator'

2020-05-19 09:17:54,184 INFO Initializing ExecutorService 'taskScheduler'

2020-05-19 09:17:54,263 INFO Tomcat started on port(s): 8848 (http) with context path '/nacos'

2020-05-19 09:17:54,440 INFO Nacos logs files: /home/nacos/logs/

2020-05-19 09:17:54,440 INFO Nacos conf files: /home/nacos/conf/

2020-05-19 09:17:54,440 INFO Nacos data files: /home/nacos/data/

2020-05-19 09:17:54,445 INFO Nacos started successfully in stand alone mode.

2020-05-19 09:17:54,549 INFO Initializing Servlet 'dispatcherServlet'

2020-05-19 09:17:54,558 INFO Completed initialization in 9 ms

